<?xml version="1.0" encoding="UTF-8"?>
<!-- Generated by org.testng.reporters.JUnitReportReporter -->
<testsuite skipped="0" hostname="Hirals-Laptop" name="uk.co.library.testsuite.JobSreachTest" tests="1" failures="0" timestamp="2023-06-27T15:25:58 BST" time="8.533" errors="0">
  <testcase name="verifyJobSearchResultUsingDifferentDataSet" time="8.533" classname="uk.co.library.testsuite.JobSreachTest"/>
  <system-out>
    <![CDATA[location By.xpath: //input[@id='location']<br>
min salary By.xpath: //input[@id='salarymin']<br>
max salary By.xpath: //input[@id='salarymax']<br>
salarytype By.xpath: //select[@id='salarytype']<br>
jobtype Permanent<br>
findjobsBy.xpath: //input[@id='hp-search-btn']<br>]]>
  </system-out>
</testsuite> <!-- uk.co.library.testsuite.JobSreachTest -->
