<?xml version="1.0" encoding="UTF-8"?>
<!-- Generated by org.testng.reporters.JUnitReportReporter -->
<testsuite skipped="0" hostname="Hirals-Laptop" name="testsuite.gov.uk.check.visa.DesktopPageTest" tests="1" failures="0" timestamp="2023-06-24T13:22:46 BST" time="15.289" errors="0">
  <testcase name="verifyProductAddedToShoppingCartSuccessFully" time="15.289" classname="testsuite.gov.uk.check.visa.DesktopPageTest"/>
  <system-out>
    <![CDATA[By.xpath: //div[@class='alert alert-success alert-dismissible']<br>
By.xpath: //div[@class='alert alert-success alert-dismissible']<br>
By.xpath: //div[@class='alert alert-success alert-dismissible']<br>]]>
  </system-out>
</testsuite> <!-- testsuite.gov.uk.check.visa.DesktopPageTest -->
