<?xml version="1.0" encoding="UTF-8"?>
<!-- Generated by org.testng.reporters.JUnitReportReporter -->
<testsuite skipped="0" hostname="Hirals-Laptop" name="gov.uk.check.visa.testsuite.StartPageTest" tests="1" failures="0" timestamp="2023-06-27T21:21:27 BST" time="9.906" errors="0">
  <testcase name="verifyAllPagesLocators" time="9.906" classname="gov.uk.check.visa.testsuite.StartPageTest"/>
  <system-out>
    <![CDATA[click startbtn By.cssSelector: a[class='gem-c-button govuk-button govuk-button--start']<br>
naionalityBy.xpath: //select[@id='response']<br>
click continueBy.xpath: //button[@class='gem-c-button govuk-button gem-c-button--bottom-margin']<br>
Message Check if you need a UK visa<br>
result text By.xpath: //span[@class='govuk-caption-l']<br>
reson for traveling By.id: response-0<br>
continue btn By.xpath: //button[@class='gem-c-button govuk-button gem-c-button--bottom-margin']<br>
click on yes By.id: response-0<br>
click on continue By.cssSelector: button[class='gem-c-button govuk-button gem-c-button--bottom-margin']<br>]]>
  </system-out>
</testsuite> <!-- gov.uk.check.visa.testsuite.StartPageTest -->
