<?xml version="1.0" encoding="UTF-8"?>
<!-- Generated by org.testng.reporters.JUnitReportReporter -->
<testsuite skipped="0" hostname="Hirals-Laptop" name="gov.uk.check.visa.testsuite.VisaConfimationTest" tests="3" failures="0" timestamp="2023-06-27T21:21:27 BST" time="18.410" errors="0">
  <testcase name="aChileanComingToTheUKForWorkAndPlansOnStayingForLongerThanSixMonths" time="6.432" classname="gov.uk.check.visa.testsuite.VisaConfimationTest"/>
  <system-out>
    <![CDATA[click startbtn By.cssSelector: a[class='gem-c-button govuk-button govuk-button--start']<br>
naionalityBy.xpath: //select[@id='response']<br>
click continueBy.xpath: //button[@class='gem-c-button govuk-button gem-c-button--bottom-margin']<br>
select work from list By.id: response-1<br>
continue btn By.xpath: //button[@class='gem-c-button govuk-button gem-c-button--bottom-margin']<br>
more than 6 monthsBy.id: response-1<br>
select job By.id: response-0<br>
welcome message By.xpath: //h2[@class='gem-c-heading gem-c-heading--font-size-27 govuk-!-margin-bottom-6']<br>]]>
  </system-out>
  <testcase name="anAustralianCominToUKForTourism" time="5.816" classname="gov.uk.check.visa.testsuite.VisaConfimationTest"/>
  <system-out>
    <![CDATA[click startbtn By.cssSelector: a[class='gem-c-button govuk-button govuk-button--start']<br>
naionalityBy.xpath: //select[@id='response']<br>
click continueBy.xpath: //button[@class='gem-c-button govuk-button gem-c-button--bottom-margin']<br>
reson for traveling By.id: response-0<br>
continue btn By.xpath: //button[@class='gem-c-button govuk-button gem-c-button--bottom-margin']<br>
navigation message By.xpath: //h2[@class='gem-c-heading gem-c-heading--font-size-27 govuk-!-margin-bottom-6']<br>]]>
  </system-out>
  <testcase name="aColumbianNationalComingToTheUKToJoinAPartnerForALongStayTheyDoHaveAnArticle10Or20Card" time="6.162" classname="gov.uk.check.visa.testsuite.VisaConfimationTest"/>
  <system-out>
    <![CDATA[click startbtn By.cssSelector: a[class='gem-c-button govuk-button govuk-button--start']<br>
naionalityBy.xpath: //select[@id='response']<br>
click continueBy.xpath: //button[@class='gem-c-button govuk-button gem-c-button--bottom-margin']<br>
continue btn By.xpath: //button[@class='gem-c-button govuk-button gem-c-button--bottom-margin']<br>
click on yes By.id: response-0<br>
click on continue By.cssSelector: button[class='gem-c-button govuk-button gem-c-button--bottom-margin']<br>
welcome message By.xpath: //h2[@class='gem-c-heading gem-c-heading--font-size-27 govuk-!-margin-bottom-6']<br>]]>
  </system-out>
</testsuite> <!-- gov.uk.check.visa.testsuite.VisaConfimationTest -->
