<?xml version="1.0" encoding="UTF-8"?>
<!-- Generated by org.testng.reporters.JUnitReportReporter -->
<testsuite skipped="0" hostname="Hirals-Laptop" name="com.testsuite.ComputerPageTest" tests="2" failures="0" timestamp="2023-06-27T12:17:10 BST" time="29.998" errors="0">
  <testcase name="verifyProductAddedToShoppingCartSuccessFully" time="24.103" classname="com.testsuite.ComputerPageTest"/>
  <system-out>
    <![CDATA[item added msg By.xpath: //h1
item added msg By.id: product_attribute_1
item added msg By.id: product_attribute_2
price of product is By.xpath: //span[@id='price-value-1']
item added msg By.xpath: //p[contains(text(),'The product has been added to your ')]
shopping cart message By.xpath: //h1<br>
change quantity By.xpath: //input[@class='qty-input']<br>
total By.xpath: //span[@class='product-subtotal']<br>
firstname By.id: BillingNewAddress_FirstName<br>
lastnameBy.id: BillingNewAddress_LastName<br>
email By.id: BillingNewAddress_Email<br>
countryBy.id: BillingNewAddress_CountryId<br>
state By.id: BillingNewAddress_StateProvinceId<br>
cityBy.id: BillingNewAddress_StateProvinceId<br>
addressBy.id: BillingNewAddress_Address1<br>
zipcodeBy.id: BillingNewAddress_ZipPostalCode<br>
creditcard By.xpath: //label[contains(text(),'Credit Card')]<br>
placed successfull By.xpath: //div[@class='title']/strong[contains(text(),'Your order has been successfully processed!')]<br>
navigate to another page after successfull order By.xpath: //h2<br>]]>
  </system-out>
  <testcase name="verifyProductArrangeInAlphaBaticalOrder" time="5.895" classname="com.testsuite.ComputerPageTest"/>
  <system-out/>
</testsuite> <!-- com.testsuite.ComputerPageTest -->
